\BOOKMARK [1][-]{section*.1}{\376\377\000O\000b\000j\000e\000t\000i\000v\000o\000\040\000G\000e\000r\000a\000l}{}% 1
\BOOKMARK [1][-]{section*.2}{\376\377\000O\000b\000j\000e\000t\000i\000v\000o\000s\000\040\000c}{}% 2
\BOOKMARK [1][-]{section*.3}{\376\377\000P\000r\000\351\000-\000R\000e\000q\000u\000i\000s\000i\000t\000o\000s}{}% 3
\BOOKMARK [1][-]{section*.4}{\376\377\000B\000i\000b\000l\000i\000o\000g\000r\000a\000f\000i\000a}{}% 4
\BOOKMARK [2][-]{subsection*.5}{\376\377\000L\000i\000n\000g\000u\000a\000g\000e\000m\000\040\000R}{section*.4}% 5
\BOOKMARK [2][-]{subsection*.6}{\376\377\000E\000c\000o\000n\000o\000m\000e\000t\000r\000i\000a}{section*.4}% 6
\BOOKMARK [1][-]{section*.7}{\376\377\000P\000o\000l\000\355\000t\000i\000c\000a\000s\000\040\000d\000o\000\040\000C\000u\000r\000s\000o}{}% 7
\BOOKMARK [2][-]{subsection*.8}{\376\377\000D\000i\000s\000t\000r\000i\000b\000u\000i\000\347\000\343\000o\000\040\000d\000a\000s\000\040\000N\000o\000t\000a\000s}{section*.7}% 8
\BOOKMARK [2][-]{subsection*.9}{\376\377\000P\000r\000a\000z\000o\000s}{section*.7}% 9
\BOOKMARK [2][-]{subsection*.10}{\376\377\000C\000o\000m\000u\000n\000i\000c\000a\000\347\000\343\000o\000\040\000e\000\040\000A\000m\000b\000i\000e\000n\000t\000e\000\040\000V\000i\000r\000t\000u\000a\000l\000\040\000d\000e\000\040\000A\000p\000r\000e\000n\000d\000i\000z\000a\000g\000e\000m}{section*.7}% 10
\BOOKMARK [2][-]{subsection*.11}{\376\377\000P\000o\000l\000\355\000t\000i\000c\000a\000\040\000d\000e\000\040\000H\000o\000n\000e\000s\000t\000i\000d\000a\000d\000e\000\040\000A\000c\000a\000d\000\352\000m\000i\000c\000a}{section*.7}% 11
\BOOKMARK [1][-]{section*.12}{\376\377\000P\000l\000a\000n\000e\000j\000a\000m\000e\000n\000t\000o\000\040\000d\000o\000\040\000C\000u\000r\000s\000o}{}% 12
\BOOKMARK [2][-]{subsection*.13}{\376\377\000A\000u\000l\000a\000\040\0001\000\040\000-\000\040\0001\0007\000/\0000\0003}{section*.12}% 13
\BOOKMARK [2][-]{subsection*.14}{\376\377\000A\000u\000l\000a\000\040\0002\000\040\000-\000\040\0002\0004\000/\0000\0003}{section*.12}% 14
\BOOKMARK [2][-]{subsection*.15}{\376\377\000A\000u\000l\000a\000\040\0003\000\040\000-\000\040\0003\0001\000/\0000\0003}{section*.12}% 15
\BOOKMARK [2][-]{subsection*.16}{\376\377\000A\000u\000l\000a\000\040\0004\000\040\000-\000\040\0000\0007\000/\0000\0004}{section*.12}% 16
\BOOKMARK [2][-]{subsection*.17}{\376\377\000L\000i\000s\000t\000a\000\040\000d\000e\000\040\000E\000x\000e\000r\000c\000\355\000c\000i\000o\000s\000\040\0001}{section*.12}% 17
\BOOKMARK [2][-]{subsection*.18}{\376\377\000A\000u\000l\000a\000\040\0005\000\040\000-\000\040\0002\0008\000/\0000\0004}{section*.12}% 18
\BOOKMARK [2][-]{subsection*.19}{\376\377\000A\000u\000l\000a\000\040\0006\000\040\000-\000\040\0000\0005\000/\0000\0005}{section*.12}% 19
\BOOKMARK [2][-]{subsection*.20}{\376\377\000A\000u\000l\000a\000\040\0007\000\040\000-\000\040\0001\0002\000/\0000\0005}{section*.12}% 20
\BOOKMARK [2][-]{subsection*.21}{\376\377\000L\000i\000s\000t\000a\000\040\000d\000e\000\040\000E\000x\000e\000r\000c\000\355\000c\000i\000o\000s\000\040\0002}{section*.12}% 21
\BOOKMARK [2][-]{subsection*.22}{\376\377\000A\000u\000l\000a\000\040\0008\000\040\000-\000\040\0001\0009\000/\0000\0005}{section*.12}% 22
\BOOKMARK [2][-]{subsection*.23}{\376\377\000A\000u\000l\000a\000\040\0009\000\040\000-\000\040\0002\0006\000/\0000\0005}{section*.12}% 23
\BOOKMARK [2][-]{subsection*.24}{\376\377\000A\000u\000l\000a\000\040\0001\0000\000\040\000-\000\040\0000\0002\000/\0000\0006}{section*.12}% 24
\BOOKMARK [2][-]{subsection*.25}{\376\377\000A\000u\000l\000a\000\040\0001\0001\000\040\000-\000\040\0000\0009\000/\0000\0006}{section*.12}% 25
\BOOKMARK [2][-]{subsection*.26}{\376\377\000L\000i\000s\000t\000a\000\040\000d\000e\000\040\000E\000x\000e\000r\000c\000\355\000c\000i\000o\000s\000\040\0003}{section*.12}% 26
\BOOKMARK [2][-]{subsection*.27}{\376\377\000A\000u\000l\000a\000\040\0001\0002\000\040\000-\000\040\0002\0003\000/\0000\0006}{section*.12}% 27
